Build started 28.09.2017 20:37:41.
     1>Project "D:\visual studio projects\Ellips\Scheduler\Scheduler.vcxproj" on node 2 (Rebuild target(s)).
     1>ClCompile:
         D:\Program Files (x86)\Microsoft Visual Studio 12.0\VC\bin\CL.exe /c /ZI /nologo /W3 /WX- /sdl /Od /Oy- /D WIN32 /D _DEBUG /D _CONSOLE /D _LIB /D _UNICODE /D UNICODE /Gm /EHsc /RTC1 /MDd /GS /fp:precise /Zc:wchar_t /Zc:forScope /Yc"stdafx.h" /Fp"Debug\Scheduler.pch" /Fo"Debug\\" /Fd"Debug\vc120.pdb" /Gd /TP /analyze- /errorReport:prompt stdafx.cpp
         stdafx.cpp
         D:\Program Files (x86)\Microsoft Visual Studio 12.0\VC\bin\CL.exe /c /ZI /nologo /W3 /WX- /sdl /Od /Oy- /D WIN32 /D _DEBUG /D _CONSOLE /D _LIB /D _UNICODE /D UNICODE /Gm /EHsc /RTC1 /MDd /GS /fp:precise /Zc:wchar_t /Zc:forScope /Yu"stdafx.h" /Fp"Debug\Scheduler.pch" /Fo"Debug\\" /Fd"Debug\vc120.pdb" /Gd /TP /analyze- /errorReport:prompt Scheduler.cpp WorkManager.cpp
         WorkManager.cpp
     1>d:\visual studio projects\ellips\scheduler\workmanager.cpp(34): warning C4018: '<' : signed/unsigned mismatch
     1>d:\visual studio projects\ellips\scheduler\workmanager.cpp(98): warning C4018: '<' : signed/unsigned mismatch
     1>d:\visual studio projects\ellips\scheduler\workmanager.cpp(129): warning C4018: '<' : signed/unsigned mismatch
         Scheduler.cpp
         Generating Code...
       Link:
         D:\Program Files (x86)\Microsoft Visual Studio 12.0\VC\bin\link.exe /ERRORREPORT:PROMPT /OUT:"D:\visual studio projects\Ellips\Debug\Scheduler.exe" /INCREMENTAL /NOLOGO Ws2_32.lib kernel32.lib user32.lib gdi32.lib winspool.lib comdlg32.lib advapi32.lib shell32.lib ole32.lib oleaut32.lib uuid.lib odbc32.lib odbccp32.lib /MANIFEST /MANIFESTUAC:"level='asInvoker' uiAccess='false'" /manifest:embed /DEBUG /PDB:"D:\visual studio projects\Ellips\Debug\Scheduler.pdb" /SUBSYSTEM:CONSOLE /TLBID:1 /DYNAMICBASE /NXCOMPAT /IMPLIB:"D:\visual studio projects\Ellips\Debug\Scheduler.lib" /MACHINE:X86 Debug\Scheduler.obj
         Debug\WorkManager.obj
         Debug\stdafx.obj
         Scheduler.vcxproj -> D:\visual studio projects\Ellips\Debug\Scheduler.exe
     1>Done Building Project "D:\visual studio projects\Ellips\Scheduler\Scheduler.vcxproj" (Rebuild target(s)).

Build succeeded.

Time Elapsed 00:00:04.96
